This is pdfTeX, Version 3.14159265-2.6-1.40.20 (TeX Live 2019/Debian) (preloaded format=pdflatex 2022.10.12)  12 OCT 2022 15:38
entering extended mode
 restricted \write18 enabled.
 %&-line parsing enabled.
**./images.tex
(./images.tex
LaTeX2e <2020-02-02> patch level 2
L3 programming layer <2020-02-14>
(/usr/share/texlive/texmf-dist/tex/latex/base/article.cls
Document Class: article 2019/12/20 v1.4l Standard LaTeX document class
(/usr/share/texlive/texmf-dist/tex/latex/base/size10.clo
File: size10.clo 2019/12/20 v1.4l Standard LaTeX file (size option)
)
\c@part=\count167
\c@section=\count168
\c@subsection=\count169
\c@subsubsection=\count170
\c@paragraph=\count171
\c@subparagraph=\count172
\c@figure=\count173
\c@table=\count174
\abovecaptionskip=\skip47
\belowcaptionskip=\skip48
\bibindent=\dimen134
) (/usr/share/texlive/texmf-dist/tex/latex/base/ifthen.sty
Package: ifthen 2014/09/29 v1.1c Standard LaTeX ifthen package (DPC)
) (/usr/share/texlive/texmf-dist/tex/latex/natbib/natbib.sty
Package: natbib 2010/09/13 8.31b (PWD, AO)
\bibhang=\skip49
\bibsep=\skip50
LaTeX Info: Redefining \cite on input line 694.
\c@NAT@ctr=\count175
) (/usr/share/texlive/texmf-dist/tex/latex/blindtext/blindtext.sty
Package: blindtext 2012/01/06 V2.0 blindtext-Package
(/usr/share/texlive/texmf-dist/tex/latex/tools/xspace.sty
Package: xspace 2014/10/28 v1.13 Space after command names (DPC,MH)
)
\c@blindtext=\count176
\c@Blindtext=\count177
\c@blind@countparstart=\count178
\blind@countxx=\count179
\blindtext@numBlindtext=\count180
\blind@countyy=\count181
\c@blindlist=\count182
\c@blindlistlevel=\count183
\c@blindlist@level=\count184
\blind@listitem=\count185
\c@blind@listcount=\count186
\c@blind@levelcount=\count187
\blind@mathformula=\count188
\blind@Mathformula=\count189
\c@blind@randomcount=\count190
\c@blind@randommax=\count191
\c@blind@pangramcount=\count192
\c@blind@pangrammax=\count193
) (/usr/share/texlive/texmf-dist/tex/latex/titlesec/titlesec.sty
Package: titlesec 2019/10/16 v2.13 Sectioning titles
\ttl@box=\box45
\beforetitleunit=\skip51
\aftertitleunit=\skip52
\ttl@plus=\dimen135
\ttl@minus=\dimen136
\ttl@toksa=\toks14
\titlewidth=\dimen137
\titlewidthlast=\dimen138
\titlewidthfirst=\dimen139
) (/usr/share/texlive/texmf-dist/tex/latex/amsmath/amsmath.sty
Package: amsmath 2020/01/20 v2.17e AMS math features
\@mathmargin=\skip53
For additional information on amsmath, use the `?' option.
(/usr/share/texlive/texmf-dist/tex/latex/amsmath/amstext.sty
Package: amstext 2000/06/29 v2.01 AMS text
(/usr/share/texlive/texmf-dist/tex/latex/amsmath/amsgen.sty
File: amsgen.sty 1999/11/30 v2.0 generic functions
\@emptytoks=\toks15
\ex@=\dimen140
)) (/usr/share/texlive/texmf-dist/tex/latex/amsmath/amsbsy.sty
Package: amsbsy 1999/11/29 v1.2d Bold Symbols
\pmbraise@=\dimen141
) (/usr/share/texlive/texmf-dist/tex/latex/amsmath/amsopn.sty
Package: amsopn 2016/03/08 v2.02 operator names
)
\inf@bad=\count194
LaTeX Info: Redefining \frac on input line 227.
\uproot@=\count195
\leftroot@=\count196
LaTeX Info: Redefining \overline on input line 389.
\classnum@=\count197
\DOTSCASE@=\count198
LaTeX Info: Redefining \ldots on input line 486.
LaTeX Info: Redefining \dots on input line 489.
LaTeX Info: Redefining \cdots on input line 610.
\Mathstrutbox@=\box46
\strutbox@=\box47
\big@size=\dimen142
LaTeX Font Info:    Redeclaring font encoding OML on input line 733.
LaTeX Font Info:    Redeclaring font encoding OMS on input line 734.
\macc@depth=\count199
\c@MaxMatrixCols=\count266
\dotsspace@=\muskip16
\c@parentequation=\count267
\dspbrk@lvl=\count268
\tag@help=\toks16
\row@=\count269
\column@=\count270
\maxfields@=\count271
\andhelp@=\toks17
\eqnshift@=\dimen143
\alignsep@=\dimen144
\tagshift@=\dimen145
\tagwidth@=\dimen146
\totwidth@=\dimen147
\lineht@=\dimen148
\@envbody=\toks18
\multlinegap=\skip54
\multlinetaggap=\skip55
\mathdisplay@stack=\toks19
LaTeX Info: Redefining \[ on input line 2859.
LaTeX Info: Redefining \] on input line 2860.
) (/usr/share/texlive/texmf-dist/tex/latex/amsfonts/amssymb.sty
Package: amssymb 2013/01/14 v3.01 AMS font symbols
(/usr/share/texlive/texmf-dist/tex/latex/amsfonts/amsfonts.sty
Package: amsfonts 2013/01/14 v3.01 Basic AMSFonts support
\symAMSa=\mathgroup4
\symAMSb=\mathgroup5
LaTeX Font Info:    Redeclaring math symbol \hbar on input line 98.
LaTeX Font Info:    Overwriting math alphabet `\mathfrak' in version `bold'
(Font)                  U/euf/m/n --> U/euf/b/n on input line 106.
)) (/usr/share/texlive/texmf-dist/tex/latex/amscls/amsthm.sty
Package: amsthm 2017/10/31 v2.20.4
\thm@style=\toks20
\thm@bodyfont=\toks21
\thm@headfont=\toks22
\thm@notefont=\toks23
\thm@headpunct=\toks24
\thm@preskip=\skip56
\thm@postskip=\skip57
\thm@headsep=\skip58
\dth@everypar=\toks25
) (/usr/share/texlive/texmf-dist/tex/latex/hyperref/hyperref.sty
Package: hyperref 2020/01/14 v7.00d Hypertext links for LaTeX
(/usr/share/texlive/texmf-dist/tex/generic/ltxcmds/ltxcmds.sty
Package: ltxcmds 2019/12/15 v1.24 LaTeX kernel commands for general use (HO)
) (/usr/share/texlive/texmf-dist/tex/generic/iftex/iftex.sty
Package: iftex 2019/11/07 v1.0c TeX engine tests
) (/usr/share/texlive/texmf-dist/tex/latex/pdftexcmds/pdftexcmds.sty
Package: pdftexcmds 2019/11/24 v0.31 Utility functions of pdfTeX for LuaTeX (HO
)
(/usr/share/texlive/texmf-dist/tex/generic/infwarerr/infwarerr.sty
Package: infwarerr 2019/12/03 v1.5 Providing info/warning/error messages (HO)
)
Package pdftexcmds Info: \pdf@primitive is available.
Package pdftexcmds Info: \pdf@ifprimitive is available.
Package pdftexcmds Info: \pdfdraftmode found.
) (/usr/share/texlive/texmf-dist/tex/latex/graphics/keyval.sty
Package: keyval 2014/10/28 v1.15 key=value parser (DPC)
\KV@toks@=\toks26
) (/usr/share/texlive/texmf-dist/tex/generic/kvsetkeys/kvsetkeys.sty
Package: kvsetkeys 2019/12/15 v1.18 Key value parser (HO)
) (/usr/share/texlive/texmf-dist/tex/generic/kvdefinekeys/kvdefinekeys.sty
Package: kvdefinekeys 2019-12-19 v1.6 Define keys (HO)
) (/usr/share/texlive/texmf-dist/tex/generic/pdfescape/pdfescape.sty
Package: pdfescape 2019/12/09 v1.15 Implements pdfTeX's escape features (HO)
) (/usr/share/texlive/texmf-dist/tex/latex/hycolor/hycolor.sty
Package: hycolor 2020-01-27 v1.10 Color options for hyperref/bookmark (HO)
) (/usr/share/texlive/texmf-dist/tex/latex/letltxmacro/letltxmacro.sty
Package: letltxmacro 2019/12/03 v1.6 Let assignment for LaTeX macros (HO)
) (/usr/share/texlive/texmf-dist/tex/latex/auxhook/auxhook.sty
Package: auxhook 2019-12-17 v1.6 Hooks for auxiliary files (HO)
) (/usr/share/texlive/texmf-dist/tex/latex/kvoptions/kvoptions.sty
Package: kvoptions 2019/11/29 v3.13 Key value format for package options (HO)
)
\@linkdim=\dimen149
\Hy@linkcounter=\count272
\Hy@pagecounter=\count273
(/usr/share/texlive/texmf-dist/tex/latex/hyperref/pd1enc.def
File: pd1enc.def 2020/01/14 v7.00d Hyperref: PDFDocEncoding definition (HO)
Now handling font encoding PD1 ...
... no UTF-8 mapping file for font encoding PD1
) (/usr/share/texlive/texmf-dist/tex/generic/intcalc/intcalc.sty
Package: intcalc 2019/12/15 v1.3 Expandable calculations with integers (HO)
) (/usr/share/texlive/texmf-dist/tex/generic/etexcmds/etexcmds.sty
Package: etexcmds 2019/12/15 v1.7 Avoid name clashes with e-TeX commands (HO)
)
\Hy@SavedSpaceFactor=\count274
\pdfmajorversion=\count275
Package hyperref Info: Hyper figures OFF on input line 4547.
Package hyperref Info: Link nesting OFF on input line 4552.
Package hyperref Info: Hyper index ON on input line 4555.
Package hyperref Info: Plain pages OFF on input line 4562.
Package hyperref Info: Backreferencing OFF on input line 4567.
Package hyperref Info: Implicit mode ON; LaTeX internals redefined.
Package hyperref Info: Bookmarks ON on input line 4800.
\c@Hy@tempcnt=\count276
(/usr/share/texlive/texmf-dist/tex/latex/url/url.sty
\Urlmuskip=\muskip17
Package: url 2013/09/16  ver 3.4  Verb mode for urls, etc.
)
LaTeX Info: Redefining \url on input line 5159.
\XeTeXLinkMargin=\dimen150
(/usr/share/texlive/texmf-dist/tex/generic/bitset/bitset.sty
Package: bitset 2019/12/09 v1.3 Handle bit-vector datatype (HO)
(/usr/share/texlive/texmf-dist/tex/generic/bigintcalc/bigintcalc.sty
Package: bigintcalc 2019/12/15 v1.5 Expandable calculations on big integers (HO
)
))
\Fld@menulength=\count277
\Field@Width=\dimen151
\Fld@charsize=\dimen152
Package hyperref Info: Hyper figures OFF on input line 6430.
Package hyperref Info: Link nesting OFF on input line 6435.
Package hyperref Info: Hyper index ON on input line 6438.
Package hyperref Info: backreferencing OFF on input line 6445.
Package hyperref Info: Link coloring OFF on input line 6450.
Package hyperref Info: Link coloring with OCG OFF on input line 6455.
Package hyperref Info: PDF/A mode OFF on input line 6460.
LaTeX Info: Redefining \ref on input line 6500.
LaTeX Info: Redefining \pageref on input line 6504.
(/usr/share/texlive/texmf-dist/tex/generic/atbegshi/atbegshi.sty
Package: atbegshi 2019/12/05 v1.19 At begin shipout hook (HO)
)
\Hy@abspage=\count278
\c@Item=\count279
\c@Hfootnote=\count280
)
Package hyperref Info: Driver (autodetected): hpdftex.
(/usr/share/texlive/texmf-dist/tex/latex/hyperref/hpdftex.def
File: hpdftex.def 2020/01/14 v7.00d Hyperref driver for pdfTeX
(/usr/share/texlive/texmf-dist/tex/latex/atveryend/atveryend.sty
Package: atveryend 2019-12-11 v1.11 Hooks at the very end of document (HO)
Package atveryend Info: \enddocument detected (standard20110627).
)
\Fld@listcount=\count281
\c@bookmark@seq@number=\count282
(/usr/share/texlive/texmf-dist/tex/latex/rerunfilecheck/rerunfilecheck.sty
Package: rerunfilecheck 2019/12/05 v1.9 Rerun checks for auxiliary files (HO)
(/usr/share/texlive/texmf-dist/tex/generic/uniquecounter/uniquecounter.sty
Package: uniquecounter 2019/12/15 v1.4 Provide unlimited unique counter (HO)
)
Package uniquecounter Info: New unique counter `rerunfilecheck' on input line 2
86.
)
\Hy@SectionHShift=\skip59
)
\c@definition=\count283
\c@theorem=\count284
Package hyperref Info: Option `colorlinks' set `true' on input line 19.
(/usr/share/texlive/texmf-dist/tex/latex/base/inputenc.sty
Package: inputenc 2018/08/11 v1.3c Input encoding file
\inpenc@prehook=\toks27
\inpenc@posthook=\toks28
) (/usr/share/texlive/texmf-dist/tex/latex/xcolor/xcolor.sty
Package: xcolor 2016/05/11 v2.12 LaTeX color extensions (UK)
(/usr/share/texlive/texmf-dist/tex/latex/graphics-cfg/color.cfg
File: color.cfg 2016/01/02 v1.6 sample color configuration
)
Package xcolor Info: Driver file: pdftex.def on input line 225.
(/usr/share/texlive/texmf-dist/tex/latex/graphics-def/pdftex.def
File: pdftex.def 2018/01/08 v1.0l Graphics/color driver for pdftex
)
Package xcolor Info: Model `cmy' substituted by `cmy0' on input line 1348.
Package xcolor Info: Model `hsb' substituted by `rgb' on input line 1352.
Package xcolor Info: Model `RGB' extended on input line 1364.
Package xcolor Info: Model `HTML' substituted by `rgb' on input line 1366.
Package xcolor Info: Model `Hsb' substituted by `hsb' on input line 1367.
Package xcolor Info: Model `tHsb' substituted by `hsb' on input line 1368.
Package xcolor Info: Model `HSB' substituted by `hsb' on input line 1369.
Package xcolor Info: Model `Gray' substituted by `gray' on input line 1370.
Package xcolor Info: Model `wave' substituted by `hsb' on input line 1371.
)
\sizebox=\box48
\lthtmlwrite=\write3
(/usr/share/texmf/tex/latex/preview/preview.sty
Package: preview 2017/04/24 11.91 (AUCTeX/preview-latex)
(/usr/share/texmf/tex/latex/preview/prtightpage.def
\PreviewBorder=\dimen153
)
\pr@snippet=\count285
\pr@box=\box49
\pr@output=\toks29
)
\lthtmlPageBox=\box50
\lthtmlCropMarkHeight=\dimen154
\lthtmlCropMarkDepth=\dimen155
(/usr/share/texlive/texmf-dist/tex/latex/l3backend/l3backend-pdfmode.def
File: l3backend-pdfmode.def 2020-02-03 L3 backend support: PDF mode
\l__kernel_color_stack_int=\count286
\l__pdf_internal_box=\box51
) (./images.aux)
\openout1 = `images.aux'.

LaTeX Font Info:    Checking defaults for OML/cmm/m/it on input line 131.
LaTeX Font Info:    ... okay on input line 131.
LaTeX Font Info:    Checking defaults for OMS/cmsy/m/n on input line 131.
LaTeX Font Info:    ... okay on input line 131.
LaTeX Font Info:    Checking defaults for OT1/cmr/m/n on input line 131.
LaTeX Font Info:    ... okay on input line 131.
LaTeX Font Info:    Checking defaults for T1/cmr/m/n on input line 131.
LaTeX Font Info:    ... okay on input line 131.
LaTeX Font Info:    Checking defaults for TS1/cmr/m/n on input line 131.
LaTeX Font Info:    ... okay on input line 131.
LaTeX Font Info:    Checking defaults for OMX/cmex/m/n on input line 131.
LaTeX Font Info:    ... okay on input line 131.
LaTeX Font Info:    Checking defaults for U/cmr/m/n on input line 131.
LaTeX Font Info:    ... okay on input line 131.
LaTeX Font Info:    Checking defaults for PD1/pdf/m/n on input line 131.
LaTeX Font Info:    ... okay on input line 131.
\AtBeginShipoutBox=\box52
Package hyperref Info: Link coloring ON on input line 131.
(/usr/share/texlive/texmf-dist/tex/latex/hyperref/nameref.sty
Package: nameref 2019/09/16 v2.46 Cross-referencing by name of section
(/usr/share/texlive/texmf-dist/tex/latex/refcount/refcount.sty
Package: refcount 2019/12/15 v3.6 Data extraction from label references (HO)
) (/usr/share/texlive/texmf-dist/tex/generic/gettitlestring/gettitlestring.sty
Package: gettitlestring 2019/12/15 v1.6 Cleanup title references (HO)
)
\c@section@level=\count287
)
LaTeX Info: Redefining \ref on input line 131.
LaTeX Info: Redefining \pageref on input line 131.
LaTeX Info: Redefining \nameref on input line 131.
\@outlinefile=\write4
\openout4 = `images.out'.

(/usr/share/texlive/texmf-dist/tex/context/base/mkii/supp-pdf.mkii
[Loading MPS to PDF converter (version 2006.09.02).]
\scratchcounter=\count288
\scratchdimen=\dimen156
\scratchbox=\box53
\nofMPsegments=\count289
\nofMParguments=\count290
\everyMPshowfont=\toks30
\MPscratchCnt=\count291
\MPscratchDim=\dimen157
\MPnumerator=\count292
\makeMPintoPDFobject=\count293
\everyMPtoPDFconversion=\toks31
)
Preview: Fontsize 10pt
Preview: PDFoutput 1

latex2htmlLength hsize=349.0pt

latex2htmlLength vsize=633.0pt

latex2htmlLength hoffset=0.0pt

latex2htmlLength voffset=0.0pt

latex2htmlLength topmargin=0.0pt

latex2htmlLength topskip=0.00003pt

latex2htmlLength headheight=0.0pt

latex2htmlLength headsep=0.0pt

latex2htmlLength parskip=0.0pt plus 1.0pt

latex2htmlLength oddsidemargin=62.0pt

latex2htmlLength evensidemargin=62.0pt

LaTeX Font Info:    Trying to load font information for U+msa on input line 156
.
(/usr/share/texlive/texmf-dist/tex/latex/amsfonts/umsa.fd
File: umsa.fd 2013/01/14 v3.01 AMS symbols A
)
LaTeX Font Info:    Trying to load font information for U+msb on input line 156
.
(/usr/share/texlive/texmf-dist/tex/latex/amsfonts/umsb.fd
File: umsb.fd 2013/01/14 v3.01 AMS symbols B
)

:tex2html_wrap_inline890:lthtmlCropMarkHeight:=10.30554pt

:tex2html_wrap_inline890:lthtmlCropMarkDepth:=1.94444pt:1ex:=4.30554pt
Preview: Tightpage -32891 -32891 32891 32891
[1{/var/lib/texmf/fonts/map/pdftex/updmap/pdftex.map}]

:tex2html_wrap_inline898:lthtmlCropMarkHeight:=12.83331pt

:tex2html_wrap_inline898:lthtmlCropMarkDepth:=0.0pt:1ex:=4.30554pt
[2]

:tex2html_wrap_inline900:lthtmlCropMarkHeight:=12.94444pt

:tex2html_wrap_inline900:lthtmlCropMarkDepth:=1.49998pt:1ex:=4.30554pt
[3]

:tex2html_wrap_inline902:lthtmlCropMarkHeight:=12.94444pt

:tex2html_wrap_inline902:lthtmlCropMarkDepth:=0.0pt:1ex:=4.30554pt
[4]

:tex2html_wrap_inline904:lthtmlCropMarkHeight:=10.30554pt

:tex2html_wrap_inline904:lthtmlCropMarkDepth:=0.0pt:1ex:=4.30554pt
[5]

:tex2html_wrap_inline908:lthtmlCropMarkHeight:=12.44444pt

:tex2html_wrap_inline908:lthtmlCropMarkDepth:=0.0pt:1ex:=4.30554pt
[6]

:tex2html_wrap_inline910:lthtmlCropMarkHeight:=13.5pt

:tex2html_wrap_inline910:lthtmlCropMarkDepth:=2.5pt:1ex:=4.30554pt
[7]

:tex2html_wrap_inline912:lthtmlCropMarkHeight:=12.44444pt

:tex2html_wrap_inline912:lthtmlCropMarkDepth:=1.94444pt:1ex:=4.30554pt
[8]

:tex2html_wrap_inline914:lthtmlCropMarkHeight:=13.5pt

:tex2html_wrap_inline914:lthtmlCropMarkDepth:=2.5pt:1ex:=4.30554pt
[9]

:tex2html_wrap_inline916:lthtmlCropMarkHeight:=14.14003pt

:tex2html_wrap_inline916:lthtmlCropMarkDepth:=2.5pt:1ex:=4.30554pt
[10]

:tex2html_wrap_inline918:lthtmlCropMarkHeight:=12.44444pt

:tex2html_wrap_inline918:lthtmlCropMarkDepth:=0.0pt:1ex:=4.30554pt
[11]

:tex2html_wrap_inline920:lthtmlCropMarkHeight:=15.20636pt

:tex2html_wrap_inline920:lthtmlCropMarkDepth:=2.5pt:1ex:=4.30554pt
[12]

:tex2html_wrap_inline925:lthtmlCropMarkHeight:=14.83334pt

:tex2html_wrap_inline925:lthtmlCropMarkDepth:=1.94444pt:1ex:=4.30554pt
[13]

:tex2html_wrap_inline927:lthtmlCropMarkHeight:=10.30554pt

:tex2html_wrap_inline927:lthtmlCropMarkDepth:=0.0pt:1ex:=4.30554pt
[14]

:tex2html_wrap_inline929:lthtmlCropMarkHeight:=13.5pt

:tex2html_wrap_inline929:lthtmlCropMarkDepth:=2.5pt:1ex:=4.30554pt
[15]

:tex2html_wrap_inline931:lthtmlCropMarkHeight:=15.58334pt

:tex2html_wrap_inline931:lthtmlCropMarkDepth:=1.94444pt:1ex:=4.30554pt
[16]

:tex2html_wrap_inline940:lthtmlCropMarkHeight:=13.5pt

:tex2html_wrap_inline940:lthtmlCropMarkDepth:=2.5pt:1ex:=4.30554pt
[17]

:tex2html_wrap_inline944:lthtmlCropMarkHeight:=13.5pt

:tex2html_wrap_inline944:lthtmlCropMarkDepth:=2.5pt:1ex:=4.30554pt
[18]

:tex2html_wrap_inline946:lthtmlCropMarkHeight:=13.5pt

:tex2html_wrap_inline946:lthtmlCropMarkDepth:=2.5pt:1ex:=4.30554pt
[19]

:tex2html_wrap_inline948:lthtmlCropMarkHeight:=14.44843pt

:tex2html_wrap_inline948:lthtmlCropMarkDepth:=3.44841pt:1ex:=4.30554pt
[20]

:tex2html_wrap_inline950:lthtmlCropMarkHeight:=12.59525pt

:tex2html_wrap_inline950:lthtmlCropMarkDepth:=0.0pt:1ex:=4.30554pt
[21]

:tex2html_wrap_inline958:lthtmlCropMarkHeight:=14.87892pt

:tex2html_wrap_inline958:lthtmlCropMarkDepth:=1.35971pt:1ex:=4.30554pt
[22]

:tex2html_wrap_inline960:lthtmlCropMarkHeight:=14.49002pt

:tex2html_wrap_inline960:lthtmlCropMarkDepth:=1.35971pt:1ex:=4.30554pt
[23]

:tex2html_wrap_inline962:lthtmlCropMarkHeight:=14.14003pt

:tex2html_wrap_inline962:lthtmlCropMarkDepth:=1.35971pt:1ex:=4.30554pt
[24]

:tex2html_wrap_inline964:lthtmlCropMarkHeight:=14.87892pt

:tex2html_wrap_inline964:lthtmlCropMarkDepth:=2.5pt:1ex:=4.30554pt
[25]

:tex2html_wrap_inline966:lthtmlCropMarkHeight:=13.5pt

:tex2html_wrap_inline966:lthtmlCropMarkDepth:=2.5pt:1ex:=4.30554pt
[26]

:tex2html_wrap_inline968:lthtmlCropMarkHeight:=15.84306pt

:tex2html_wrap_inline968:lthtmlCropMarkDepth:=1.35971pt:1ex:=4.30554pt
[27]

:tex2html_wrap_inline974:lthtmlCropMarkHeight:=17.02365pt

:tex2html_wrap_inline974:lthtmlCropMarkDepth:=1.35971pt:1ex:=4.30554pt
[28]

:tex2html_wrap_indisplay1005:lthtmlCropMarkHeight:=14.99002pt

:tex2html_wrap_indisplay1005:lthtmlCropMarkDepth:=1.35971pt:1ex:=4.30554pt
[29]

:tex2html_wrap_indisplay1007:lthtmlCropMarkHeight:=15.83821pt

:tex2html_wrap_indisplay1007:lthtmlCropMarkDepth:=2.56187pt:1ex:=4.30554pt
[30]

:tex2html_wrap_indisplay1011:lthtmlCropMarkHeight:=14.64003pt

:tex2html_wrap_indisplay1011:lthtmlCropMarkDepth:=1.35971pt:1ex:=4.30554pt
[31]

:tex2html_wrap_inline1020:lthtmlCropMarkHeight:=13.5pt

:tex2html_wrap_inline1020:lthtmlCropMarkDepth:=2.5pt:1ex:=4.30554pt
[32]

:tex2html_wrap_inline1022:lthtmlCropMarkHeight:=15.20636pt

:tex2html_wrap_inline1022:lthtmlCropMarkDepth:=2.86108pt:1ex:=4.30554pt
[33]

:tex2html_wrap_inline1037:lthtmlCropMarkHeight:=14.14003pt

:tex2html_wrap_inline1037:lthtmlCropMarkDepth:=0.0pt:1ex:=4.30554pt
[34]

:tex2html_wrap_inline1042:lthtmlCropMarkHeight:=12.83331pt

:tex2html_wrap_inline1042:lthtmlCropMarkDepth:=1.94444pt:1ex:=4.30554pt
[35]

:tex2html_wrap_inline1044:lthtmlCropMarkHeight:=12.83331pt

:tex2html_wrap_inline1044:lthtmlCropMarkDepth:=1.49998pt:1ex:=4.30554pt
[36]

Package amsmath Warning: Foreign command \atopwithdelims;
(amsmath)                \frac or \genfrac should be used instead
(amsmath)                 on input line 377.


:tex2html_wrap_indisplay1046:lthtmlCropMarkHeight:=20.5001pt

:tex2html_wrap_indisplay1046:lthtmlCropMarkDepth:=9.50012pt:1ex:=4.30554pt
[37]

:tex2html_wrap_inline1050:lthtmlCropMarkHeight:=13.5pt

:tex2html_wrap_inline1050:lthtmlCropMarkDepth:=2.5pt:1ex:=4.30554pt
[38]

:tex2html_wrap_inline1052:lthtmlCropMarkHeight:=13.5pt

:tex2html_wrap_inline1052:lthtmlCropMarkDepth:=2.5pt:1ex:=4.30554pt
[39]

:tex2html_wrap_inline1054:lthtmlCropMarkHeight:=12.83331pt

:tex2html_wrap_inline1054:lthtmlCropMarkDepth:=1.49998pt:1ex:=4.30554pt
[40]

:tex2html_wrap_inline1056:lthtmlCropMarkHeight:=13.50006pt

:tex2html_wrap_inline1056:lthtmlCropMarkDepth:=4.36115pt:1ex:=4.30554pt
[41]

:tex2html_wrap_indisplay1058:lthtmlCropMarkHeight:=14.99002pt

:tex2html_wrap_indisplay1058:lthtmlCropMarkDepth:=3.83327pt:1ex:=4.30554pt
[42]

:tex2html_wrap_indisplay1060:lthtmlCropMarkHeight:=13.5pt

:tex2html_wrap_indisplay1060:lthtmlCropMarkDepth:=2.5pt:1ex:=4.30554pt
[43]

:tex2html_wrap_inline1062:lthtmlCropMarkHeight:=10.30554pt

:tex2html_wrap_inline1062:lthtmlCropMarkDepth:=0.0pt:1ex:=4.30554pt
[44]

:tex2html_wrap_inline1064:lthtmlCropMarkHeight:=11.83333pt

:tex2html_wrap_inline1064:lthtmlCropMarkDepth:=1.49998pt:1ex:=4.30554pt
[45]

:tex2html_wrap_inline1066:lthtmlCropMarkHeight:=14.49002pt

:tex2html_wrap_inline1066:lthtmlCropMarkDepth:=2.47217pt:1ex:=4.30554pt
[46]

:tex2html_wrap_inline1085:lthtmlCropMarkHeight:=12.94444pt

:tex2html_wrap_inline1085:lthtmlCropMarkDepth:=1.94444pt:1ex:=4.30554pt
[47]

! Package amsmath Error: \begin{split} won't work here.

See the amsmath package documentation for explanation.
Type  H <return>  for immediate help.
 ...                                              
                                                  
l.447 \lthtmldisplayZ
                     
\Did you forget a preceding \begin{equation}?
If not, perhaps the `aligned' environment is what you want. 


! LaTeX Error: Bad math environment delimiter.

See the LaTeX manual or LaTeX Companion for explanation.
Type  H <return>  for immediate help.
 ...                                              
                                                  
l.447 \lthtmldisplayZ
                     
Your command was ignored.
Type  I <command> <return>  to replace it with another command,
or  <return>  to continue without it.


:displaymath1087:lthtmlCropMarkHeight:=6.0pt

:displaymath1087:lthtmlCropMarkDepth:=0.0pt:1ex:=4.30554pt
[48]

:tex2html_wrap_inline1089:lthtmlCropMarkHeight:=13.5pt

:tex2html_wrap_inline1089:lthtmlCropMarkDepth:=2.5pt:1ex:=4.30554pt
[49]

:tex2html_wrap_inline1091:lthtmlCropMarkHeight:=14.83334pt

:tex2html_wrap_inline1091:lthtmlCropMarkDepth:=1.94444pt:1ex:=4.30554pt
[50]

:tex2html_wrap_inline1095:lthtmlCropMarkHeight:=12.94444pt

:tex2html_wrap_inline1095:lthtmlCropMarkDepth:=0.0pt:1ex:=4.30554pt
[51]

:tex2html_wrap_inline1097:lthtmlCropMarkHeight:=15.84306pt

:tex2html_wrap_inline1097:lthtmlCropMarkDepth:=0.39098pt:1ex:=4.30554pt
[52]

:tex2html_wrap_indisplay1103:lthtmlCropMarkHeight:=13.5pt

:tex2html_wrap_indisplay1103:lthtmlCropMarkDepth:=2.5pt:1ex:=4.30554pt
[53]

:tex2html_wrap_inline1105:lthtmlCropMarkHeight:=13.5pt

:tex2html_wrap_inline1105:lthtmlCropMarkDepth:=2.5pt:1ex:=4.30554pt
[54]

:tex2html_wrap_inline1107:lthtmlCropMarkHeight:=13.5pt

:tex2html_wrap_inline1107:lthtmlCropMarkDepth:=2.5pt:1ex:=4.30554pt
[55]

:tex2html_wrap_inline1109:lthtmlCropMarkHeight:=12.83331pt

:tex2html_wrap_inline1109:lthtmlCropMarkDepth:=0.0pt:1ex:=4.30554pt
[56]

:tex2html_wrap_inline1111:lthtmlCropMarkHeight:=12.94444pt

:tex2html_wrap_inline1111:lthtmlCropMarkDepth:=1.94444pt:1ex:=4.30554pt
[57]

:tex2html_wrap_inline1115:lthtmlCropMarkHeight:=10.30554pt

:tex2html_wrap_inline1115:lthtmlCropMarkDepth:=0.0pt:1ex:=4.30554pt
[58]

:tex2html_wrap_inline1121:lthtmlCropMarkHeight:=13.5pt

:tex2html_wrap_inline1121:lthtmlCropMarkDepth:=2.5pt:1ex:=4.30554pt
[59]

:tex2html_wrap_inline1125:lthtmlCropMarkHeight:=12.94444pt

:tex2html_wrap_inline1125:lthtmlCropMarkDepth:=1.49998pt:1ex:=4.30554pt
[60]

:tex2html_wrap_inline1127:lthtmlCropMarkHeight:=12.83331pt

:tex2html_wrap_inline1127:lthtmlCropMarkDepth:=0.39098pt:1ex:=4.30554pt
[61]

:tex2html_wrap_indisplay1129:lthtmlCropMarkHeight:=16.50006pt

:tex2html_wrap_indisplay1129:lthtmlCropMarkDepth:=14.31116pt:1ex:=4.30554pt
[62]

:tex2html_wrap_indisplay1131:lthtmlCropMarkHeight:=16.50006pt

:tex2html_wrap_indisplay1131:lthtmlCropMarkDepth:=14.31116pt:1ex:=4.30554pt
[63]

:tex2html_wrap_inline1133:lthtmlCropMarkHeight:=13.5pt

:tex2html_wrap_inline1133:lthtmlCropMarkDepth:=2.5pt:1ex:=4.30554pt
[64]

:tex2html_wrap_inline1148:lthtmlCropMarkHeight:=13.5pt

:tex2html_wrap_inline1148:lthtmlCropMarkDepth:=2.5pt:1ex:=4.30554pt
[65]

:tex2html_wrap_inline1150:lthtmlCropMarkHeight:=13.5pt

:tex2html_wrap_inline1150:lthtmlCropMarkDepth:=2.5pt:1ex:=4.30554pt
[66]

:tex2html_wrap_inline1152:lthtmlCropMarkHeight:=16.50006pt

:tex2html_wrap_inline1152:lthtmlCropMarkDepth:=14.31116pt:1ex:=4.30554pt
[67]

:tex2html_wrap_inline1156:lthtmlCropMarkHeight:=12.83331pt

:tex2html_wrap_inline1156:lthtmlCropMarkDepth:=1.49998pt:1ex:=4.30554pt
[68]

:tex2html_wrap_inline1162:lthtmlCropMarkHeight:=14.87892pt

:tex2html_wrap_inline1162:lthtmlCropMarkDepth:=0.39098pt:1ex:=4.30554pt
[69]

:tex2html_wrap_inline1164:lthtmlCropMarkHeight:=13.5pt

:tex2html_wrap_inline1164:lthtmlCropMarkDepth:=2.5pt:1ex:=4.30554pt
[70]

:tex2html_wrap_inline1166:lthtmlCropMarkHeight:=16.09998pt

:tex2html_wrap_inline1166:lthtmlCropMarkDepth:=3.44841pt:1ex:=4.30554pt
[71]

:tex2html_wrap_inline1168:lthtmlCropMarkHeight:=13.5pt

:tex2html_wrap_inline1168:lthtmlCropMarkDepth:=2.5pt:1ex:=4.30554pt
[72]

:tex2html_wrap_indisplay1170:lthtmlCropMarkHeight:=19.20952pt

:tex2html_wrap_indisplay1170:lthtmlCropMarkDepth:=14.31116pt:1ex:=4.30554pt
[73]

:tex2html_wrap_indisplay1172:lthtmlCropMarkHeight:=12.94444pt

:tex2html_wrap_indisplay1172:lthtmlCropMarkDepth:=0.0pt:1ex:=4.30554pt
[74]

:tex2html_wrap_indisplay1174:lthtmlCropMarkHeight:=15.84306pt

:tex2html_wrap_indisplay1174:lthtmlCropMarkDepth:=9.66666pt:1ex:=4.30554pt
[75]

:tex2html_wrap_indisplay1180:lthtmlCropMarkHeight:=19.20952pt

:tex2html_wrap_indisplay1180:lthtmlCropMarkDepth:=14.31116pt:1ex:=4.30554pt
[76]

:tex2html_wrap_inline1182:lthtmlCropMarkHeight:=15.84306pt

:tex2html_wrap_inline1182:lthtmlCropMarkDepth:=0.39098pt:1ex:=4.30554pt
[77]

:tex2html_wrap_inline1184:lthtmlCropMarkHeight:=14.41226pt

:tex2html_wrap_inline1184:lthtmlCropMarkDepth:=0.39098pt:1ex:=4.30554pt
[78]

:tex2html_wrap_indisplay1186:lthtmlCropMarkHeight:=14.91226pt

:tex2html_wrap_indisplay1186:lthtmlCropMarkDepth:=9.83331pt:1ex:=4.30554pt
[79]

:tex2html_wrap_indisplay1190:lthtmlCropMarkHeight:=20.5001pt

:tex2html_wrap_indisplay1190:lthtmlCropMarkDepth:=9.50012pt:1ex:=4.30554pt
[80]

:tex2html_wrap_inline1192:lthtmlCropMarkHeight:=10.30554pt

:tex2html_wrap_inline1192:lthtmlCropMarkDepth:=1.94444pt:1ex:=4.30554pt
[81]

:tex2html_wrap_inline1194:lthtmlCropMarkHeight:=14.41226pt

:tex2html_wrap_inline1194:lthtmlCropMarkDepth:=2.5pt:1ex:=4.30554pt
[82]

:tex2html_wrap_inline1196:lthtmlCropMarkHeight:=16.50006pt

:tex2html_wrap_inline1196:lthtmlCropMarkDepth:=14.31116pt:1ex:=4.30554pt
[83]

:tex2html_wrap_inline1198:lthtmlCropMarkHeight:=13.5pt

:tex2html_wrap_inline1198:lthtmlCropMarkDepth:=2.5pt:1ex:=4.30554pt
[84]

:tex2html_wrap_indisplay1200:lthtmlCropMarkHeight:=16.50006pt

:tex2html_wrap_indisplay1200:lthtmlCropMarkDepth:=14.31116pt:1ex:=4.30554pt
[85]

:tex2html_wrap_inline1202:lthtmlCropMarkHeight:=12.94444pt

:tex2html_wrap_inline1202:lthtmlCropMarkDepth:=1.49998pt:1ex:=4.30554pt
[86]

:tex2html_wrap_inline1204:lthtmlCropMarkHeight:=16.50006pt

:tex2html_wrap_inline1204:lthtmlCropMarkDepth:=14.31116pt:1ex:=4.30554pt
[87]

:tex2html_wrap_inline1206:lthtmlCropMarkHeight:=13.5pt

:tex2html_wrap_inline1206:lthtmlCropMarkDepth:=2.5pt:1ex:=4.30554pt
[88]

:tex2html_wrap_inline1208:lthtmlCropMarkHeight:=12.83331pt

:tex2html_wrap_inline1208:lthtmlCropMarkDepth:=1.49998pt:1ex:=4.30554pt
[89]

:tex2html_wrap_indisplay1210:lthtmlCropMarkHeight:=24.36115pt

:tex2html_wrap_indisplay1210:lthtmlCropMarkDepth:=14.31116pt:1ex:=4.30554pt
[90]

:tex2html_wrap_inline1212:lthtmlCropMarkHeight:=12.83331pt

:tex2html_wrap_inline1212:lthtmlCropMarkDepth:=0.0pt:1ex:=4.30554pt
[91]

:tex2html_wrap_inline1214:lthtmlCropMarkHeight:=12.83331pt

:tex2html_wrap_inline1214:lthtmlCropMarkDepth:=1.94444pt:1ex:=4.30554pt
[92]

:tex2html_wrap_inline1216:lthtmlCropMarkHeight:=12.83331pt

:tex2html_wrap_inline1216:lthtmlCropMarkDepth:=0.83333pt:1ex:=4.30554pt
[93]

:tex2html_wrap_inline1218:lthtmlCropMarkHeight:=13.5pt

:tex2html_wrap_inline1218:lthtmlCropMarkDepth:=2.5pt:1ex:=4.30554pt
[94]

:tex2html_wrap_inline1222:lthtmlCropMarkHeight:=13.50006pt

:tex2html_wrap_inline1222:lthtmlCropMarkDepth:=4.00005pt:1ex:=4.30554pt
[95]

:tex2html_wrap_inline1224:lthtmlCropMarkHeight:=15.88896pt

:tex2html_wrap_inline1224:lthtmlCropMarkDepth:=3.00005pt:1ex:=4.30554pt
[96]

:tex2html_wrap_inline1226:lthtmlCropMarkHeight:=16.50006pt

:tex2html_wrap_inline1226:lthtmlCropMarkDepth:=14.31116pt:1ex:=4.30554pt
[97]

:tex2html_wrap_inline1228:lthtmlCropMarkHeight:=14.41226pt

:tex2html_wrap_inline1228:lthtmlCropMarkDepth:=2.5pt:1ex:=4.30554pt
[98]

:tex2html_wrap_inline1230:lthtmlCropMarkHeight:=12.83331pt

:tex2html_wrap_inline1230:lthtmlCropMarkDepth:=0.0pt:1ex:=4.30554pt
[99]

:tex2html_wrap_inline1232:lthtmlCropMarkHeight:=13.5pt

:tex2html_wrap_inline1232:lthtmlCropMarkDepth:=2.5pt:1ex:=4.30554pt
[100]

:tex2html_wrap_indisplay1234:lthtmlCropMarkHeight:=20.5001pt

:tex2html_wrap_indisplay1234:lthtmlCropMarkDepth:=10.30792pt:1ex:=4.30554pt
[101]

:tex2html_wrap_inline1236:lthtmlCropMarkHeight:=14.41226pt

:tex2html_wrap_inline1236:lthtmlCropMarkDepth:=1.49998pt:1ex:=4.30554pt
[102]

:tex2html_wrap_inline1238:lthtmlCropMarkHeight:=14.50005pt

:tex2html_wrap_inline1238:lthtmlCropMarkDepth:=3.50006pt:1ex:=4.30554pt
[103]

:tex2html_wrap_inline1240:lthtmlCropMarkHeight:=13.5pt

:tex2html_wrap_inline1240:lthtmlCropMarkDepth:=2.5pt:1ex:=4.30554pt
[104]

:tex2html_wrap_inline1242:lthtmlCropMarkHeight:=13.5pt

:tex2html_wrap_inline1242:lthtmlCropMarkDepth:=2.5pt:1ex:=4.30554pt
[105]

:tex2html_wrap_inline1244:lthtmlCropMarkHeight:=13.5pt

:tex2html_wrap_inline1244:lthtmlCropMarkDepth:=2.5pt:1ex:=4.30554pt
[106]
Package atveryend Info: Empty hook `BeforeClearDocument' on input line 800.
Package atveryend Info: Empty hook `AfterLastShipout' on input line 800.
(./images.aux)
Package atveryend Info: Executing hook `AtVeryEndDocument' on input line 800.
Package atveryend Info: Executing hook `AtEndAfterFileList' on input line 800.

Package rerunfilecheck Warning: File `images.out' has changed.
(rerunfilecheck)                Rerun to get outlines right
(rerunfilecheck)                or use package `bookmark'.

Package rerunfilecheck Info: Checksums for `images.out':
(rerunfilecheck)             Before: <no file>
(rerunfilecheck)             After:  D41D8CD98F00B204E9800998ECF8427E;0.
Package atveryend Info: Empty hook `AtVeryVeryEnd' on input line 800.
 ) 
Here is how much of TeX's memory you used:
 7474 strings out of 483183
 106543 string characters out of 5966291
 366580 words of memory out of 5000000
 22378 multiletter control sequences out of 15000+600000
 535081 words of font info for 35 fonts, out of 8000000 for 9000
 14 hyphenation exceptions out of 8191
 34i,5n,37p,224b,330s stack positions out of 5000i,500n,10000p,200000b,80000s
</usr/share/texlive/texmf-dist/fonts/type1/public/amsfonts/cm/cmex10.pfb></us
r/share/texlive/texmf-dist/fonts/type1/public/amsfonts/cm/cmmi10.pfb></usr/shar
e/texlive/texmf-dist/fonts/type1/public/amsfonts/cm/cmmi5.pfb></usr/share/texli
ve/texmf-dist/fonts/type1/public/amsfonts/cm/cmmi7.pfb></usr/share/texlive/texm
f-dist/fonts/type1/public/amsfonts/cm/cmr10.pfb></usr/share/texlive/texmf-dist/
fonts/type1/public/amsfonts/cm/cmr5.pfb></usr/share/texlive/texmf-dist/fonts/ty
pe1/public/amsfonts/cm/cmr7.pfb></usr/share/texlive/texmf-dist/fonts/type1/publ
ic/amsfonts/cm/cmsy10.pfb></usr/share/texlive/texmf-dist/fonts/type1/public/ams
fonts/cm/cmsy5.pfb></usr/share/texlive/texmf-dist/fonts/type1/public/amsfonts/c
m/cmsy7.pfb></usr/share/texlive/texmf-dist/fonts/type1/public/amsfonts/cm/cmti1
0.pfb></usr/share/texlive/texmf-dist/fonts/type1/public/amsfonts/symbols/msbm10
.pfb>
Output written on images.pdf (106 pages, 140317 bytes).
PDF statistics:
 395 PDF objects out of 1000 (max. 8388607)
 272 compressed objects within 3 object streams
 0 named destinations out of 1000 (max. 500000)
 1 words of extra memory for PDF output out of 10000 (max. 10000000)

